<?xml version="1.0" encoding="UTF-8"?>
<!-- Generated by org.testng.reporters.JUnitReportReporter -->
<testsuite skipped="2" hostname="17445-Vikas" name="api.test.DatadrivenTest" tests="2" failures="0" timestamp="02 Jun 2023 04:44:50 GMT" time="0.000" errors="0">
  <testcase name="testPostUser" time="0.000" classname="api.test.DatadrivenTest">
    <skipped/>
  </testcase> <!-- testPostUser -->
  <testcase name="testDeleteUserByName" time="0.000" classname="api.test.DatadrivenTest">
    <skipped/>
  </testcase> <!-- testDeleteUserByName -->
</testsuite> <!-- api.test.DatadrivenTest -->
